<?xml version="1.0" encoding="UTF-8"?>
<testsuite xmlns:xsi="http://www.w3.org/2001/XMLSchema-instance" xsi:noNamespaceSchemaLocation="https://maven.apache.org/surefire/maven-surefire-plugin/xsd/surefire-test-report-3.0.xsd" version="3.0" name="org.stuwiapp.StuWiAppTest" time="0.06" tests="1" errors="0" skipped="0" failures="0">
  <properties>
    <property name="java.specification.version" value="21"/>
    <property name="sun.jnu.encoding" value="UTF-8"/>
    <property name="java.class.path" value="/Users/robin.carlander/IntelliJ Love/StuWI/stuwi-study-assistant/target/test-classes:/Users/robin.carlander/.m2/repository/org/openjfx/javafx-controls/22/javafx-controls-22.jar:/Users/robin.carlander/.m2/repository/org/openjfx/javafx-graphics/22/javafx-graphics-22.jar:/Users/robin.carlander/.m2/repository/org/openjfx/javafx-base/22/javafx-base-22.jar:/Users/robin.carlander/.m2/repository/org/openjfx/javafx-fxml/22/javafx-fxml-22.jar:/Users/robin.carlander/.m2/repository/junit/junit/4.13.1/junit-4.13.1.jar:/Users/robin.carlander/.m2/repository/org/hamcrest/hamcrest-core/1.3/hamcrest-core-1.3.jar:"/>
    <property name="java.vm.vendor" value="Homebrew"/>
    <property name="sun.arch.data.model" value="64"/>
    <property name="java.vendor.url" value="https://github.com/Homebrew/homebrew-core/issues"/>
    <property name="os.name" value="Mac OS X"/>
    <property name="java.vm.specification.version" value="21"/>
    <property name="sun.java.launcher" value="SUN_STANDARD"/>
    <property name="user.country" value="SE"/>
    <property name="sun.boot.library.path" value="/usr/local/Cellar/openjdk/21.0.2/libexec/openjdk.jdk/Contents/Home/lib"/>
    <property name="sun.java.command" value="org.apache.maven.surefire.booter.ForkedBooter /Users/robin.carlander/IntelliJ Love/StuWI/stuwi-study-assistant/target/surefire 2024-04-24T11-02-15_413-jvmRun1 surefire-20240424110216017_1tmp surefire_0-20240424110216017_2tmp"/>
    <property name="http.nonProxyHosts" value="local|*.local|169.254/16|*.169.254/16|local.nwt.se|*.local.nwt.se"/>
    <property name="jdk.debug" value="release"/>
    <property name="surefire.test.class.path" value="/Users/robin.carlander/IntelliJ Love/StuWI/stuwi-study-assistant/target/test-classes:/Users/robin.carlander/.m2/repository/org/openjfx/javafx-controls/22/javafx-controls-22.jar:/Users/robin.carlander/.m2/repository/org/openjfx/javafx-graphics/22/javafx-graphics-22.jar:/Users/robin.carlander/.m2/repository/org/openjfx/javafx-base/22/javafx-base-22.jar:/Users/robin.carlander/.m2/repository/org/openjfx/javafx-fxml/22/javafx-fxml-22.jar:/Users/robin.carlander/.m2/repository/junit/junit/4.13.1/junit-4.13.1.jar:/Users/robin.carlander/.m2/repository/org/hamcrest/hamcrest-core/1.3/hamcrest-core-1.3.jar:"/>
    <property name="sun.cpu.endian" value="little"/>
    <property name="user.home" value="/Users/robin.carlander"/>
    <property name="user.language" value="sv"/>
    <property name="java.specification.vendor" value="Oracle Corporation"/>
    <property name="jdk.module.path" value="/Users/robin.carlander/IntelliJ Love/StuWI/stuwi-study-assistant/target/classes:/Users/robin.carlander/.m2/repository/org/openjfx/javafx-controls/22/javafx-controls-22-mac.jar:/Users/robin.carlander/.m2/repository/org/openjfx/javafx-graphics/22/javafx-graphics-22-mac.jar:/Users/robin.carlander/.m2/repository/org/openjfx/javafx-base/22/javafx-base-22-mac.jar:/Users/robin.carlander/.m2/repository/org/eclipse/paho/org.eclipse.paho.client.mqttv3/1.2.2/org.eclipse.paho.client.mqttv3-1.2.2.jar:/Users/robin.carlander/.m2/repository/org/openjfx/javafx-fxml/22/javafx-fxml-22-mac.jar"/>
    <property name="java.version.date" value="2024-01-16"/>
    <property name="java.home" value="/usr/local/Cellar/openjdk/21.0.2/libexec/openjdk.jdk/Contents/Home"/>
    <property name="file.separator" value="/"/>
    <property name="basedir" value="/Users/robin.carlander/IntelliJ Love/StuWI/stuwi-study-assistant"/>
    <property name="java.vm.compressedOopsMode" value="Zero based"/>
    <property name="line.separator" value="&#10;"/>
    <property name="java.vm.specification.vendor" value="Oracle Corporation"/>
    <property name="java.specification.name" value="Java Platform API Specification"/>
    <property name="apple.awt.application.name" value="ForkedBooter"/>
    <property name="surefire.real.class.path" value="/Users/robin.carlander/.m2/repository/org/apache/maven/surefire/surefire-booter/3.2.2/surefire-booter-3.2.2.jar:/Users/robin.carlander/.m2/repository/org/apache/maven/surefire/surefire-api/3.2.2/surefire-api-3.2.2.jar:/Users/robin.carlander/.m2/repository/org/apache/maven/surefire/surefire-logger-api/3.2.2/surefire-logger-api-3.2.2.jar:/Users/robin.carlander/.m2/repository/org/apache/maven/surefire/surefire-shared-utils/3.2.2/surefire-shared-utils-3.2.2.jar:/Users/robin.carlander/.m2/repository/org/apache/maven/surefire/surefire-extensions-spi/3.2.2/surefire-extensions-spi-3.2.2.jar:/Users/robin.carlander/IntelliJ Love/StuWI/stuwi-study-assistant/target/test-classes:/Users/robin.carlander/.m2/repository/org/openjfx/javafx-controls/22/javafx-controls-22.jar:/Users/robin.carlander/.m2/repository/org/openjfx/javafx-graphics/22/javafx-graphics-22.jar:/Users/robin.carlander/.m2/repository/org/openjfx/javafx-base/22/javafx-base-22.jar:/Users/robin.carlander/.m2/repository/org/openjfx/javafx-fxml/22/javafx-fxml-22.jar:/Users/robin.carlander/.m2/repository/junit/junit/4.13.1/junit-4.13.1.jar:/Users/robin.carlander/.m2/repository/org/hamcrest/hamcrest-core/1.3/hamcrest-core-1.3.jar:/Users/robin.carlander/.m2/repository/org/apache/maven/surefire/surefire-junit4/3.2.2/surefire-junit4-3.2.2.jar:/Users/robin.carlander/.m2/repository/org/apache/maven/surefire/common-java5/3.2.2/common-java5-3.2.2.jar:/Users/robin.carlander/.m2/repository/org/apache/maven/surefire/common-junit3/3.2.2/common-junit3-3.2.2.jar:/Users/robin.carlander/.m2/repository/org/apache/maven/surefire/common-junit4/3.2.2/common-junit4-3.2.2.jar"/>
    <property name="sun.management.compiler" value="HotSpot 64-Bit Tiered Compilers"/>
    <property name="ftp.nonProxyHosts" value="local|*.local|169.254/16|*.169.254/16|local.nwt.se|*.local.nwt.se"/>
    <property name="java.runtime.version" value="21.0.2"/>
    <property name="user.name" value="robin.carlander"/>
    <property name="stdout.encoding" value="UTF-8"/>
    <property name="path.separator" value=":"/>
    <property name="os.version" value="14.2.1"/>
    <property name="java.runtime.name" value="OpenJDK Runtime Environment"/>
    <property name="file.encoding" value="UTF-8"/>
    <property name="java.vm.name" value="OpenJDK 64-Bit Server VM"/>
    <property name="java.vendor.version" value="Homebrew"/>
    <property name="localRepository" value="/Users/robin.carlander/.m2/repository"/>
    <property name="java.vendor.url.bug" value="https://github.com/Homebrew/homebrew-core/issues"/>
    <property name="java.io.tmpdir" value="/var/folders/7d/621k_0j93wb94q59yz5_sxhr0000gn/T/"/>
    <property name="java.version" value="21.0.2"/>
    <property name="user.dir" value="/Users/robin.carlander/IntelliJ Love/StuWI/stuwi-study-assistant"/>
    <property name="os.arch" value="x86_64"/>
    <property name="java.vm.specification.name" value="Java Virtual Machine Specification"/>
    <property name="native.encoding" value="UTF-8"/>
    <property name="java.library.path" value="/Users/robin.carlander/Library/Java/Extensions:/Library/Java/Extensions:/Network/Library/Java/Extensions:/System/Library/Java/Extensions:/usr/lib/java:."/>
    <property name="java.vm.info" value="mixed mode"/>
    <property name="stderr.encoding" value="UTF-8"/>
    <property name="java.vendor" value="Homebrew"/>
    <property name="java.vm.version" value="21.0.2"/>
    <property name="sun.io.unicode.encoding" value="UnicodeBig"/>
    <property name="socksNonProxyHosts" value="local|*.local|169.254/16|*.169.254/16|local.nwt.se|*.local.nwt.se"/>
    <property name="java.class.version" value="65.0"/>
  </properties>
  <testcase name="shouldAnswerWithTrue" classname="org.stuwiapp.StuWiAppTest" time="0.003"/>
</testsuite>